2017-11-21 16:54:06 [185.54.22.129] {
  "errors" : [ {
    "error_type" : "access_denied",
    "message" : "Access is denied"
  } ],
  "code" : 403,
  "message" : "Access is denied"
}
2017-11-21 16:54:41 [185.54.22.129] {
  "errors" : [ {
    "error_type" : "access_denied",
    "message" : "Access is denied"
  } ],
  "code" : 403,
  "message" : "Access is denied"
}
2017-11-21 16:59:18 [185.54.22.129] {
  "errors" : [ {
    "error_type" : "access_denied",
    "message" : "Access is denied"
  } ],
  "code" : 403,
  "message" : "Access is denied"
}
2017-11-21 22:57:40 [66.249.64.68] market_generate: gzip view Generate price
2017-11-21 22:57:40 [66.249.64.68] market_generate: view Generate price
